"../../../Engine/Content/EditorBlueprintResources/StandardMacros.uasset" 0
"../../../../../../Users/anthonyd/Documents/GitHub/FlipFlopCatShop/CatShop/Content/Blueprints/Controllers/sound-manager.uasset" 1
"../../../../../../Users/anthonyd/Documents/GitHub/FlipFlopCatShop/CatShop/Content/Materials/Masters/flat-master.uasset" 2
"../../../../../../Users/anthonyd/Documents/GitHub/FlipFlopCatShop/CatShop/Content/Materials/flat-grey.uasset" 3
"../../../../../../Users/anthonyd/Documents/GitHub/FlipFlopCatShop/CatShop/Content/Materials/flat-oni.uasset" 4
"../../../../../../Users/anthonyd/Documents/GitHub/FlipFlopCatShop/CatShop/Content/Materials/flat-yellow.uasset" 5
"../../../../../../Users/anthonyd/Documents/GitHub/FlipFlopCatShop/CatShop/Content/Textures/FFCSStreet.uasset" 6
"../../../../../../Users/anthonyd/Documents/GitHub/FlipFlopCatShop/CatShop/Content/Materials/Masters/basic-material-master.uasset" 7
"../../../../../../Users/anthonyd/Documents/GitHub/FlipFlopCatShop/CatShop/Content/Textures/buildings/courtyard/FFCSCourtyardArchv2.uasset" 8
"../../../../../../Users/anthonyd/Documents/GitHub/FlipFlopCatShop/CatShop/Content/Materials/Environment/Buildings/Courtyard/court-arch.uasset" 9
"../../../../../../Users/anthonyd/Documents/GitHub/FlipFlopCatShop/CatShop/Content/Textures/buildings/machiya/Machiya_Reed_Blinds.uasset" 10
"../../../../../../Users/anthonyd/Documents/GitHub/FlipFlopCatShop/CatShop/Content/Materials/Environment/Buildings/Machiya/machiyo-blinds.uasset" 11
"../../../../../../Users/anthonyd/Documents/GitHub/FlipFlopCatShop/CatShop/Content/Textures/buildings/shoppe/_0005_Noren.uasset" 12
"../../../../../../Users/anthonyd/Documents/GitHub/FlipFlopCatShop/CatShop/Content/Materials/Environment/Buildings/Shoppe/shoppe-cloth.uasset" 13
"../../../../../../Users/anthonyd/Documents/GitHub/FlipFlopCatShop/CatShop/Content/Materials/Masters/emmissive-sbs-material-master.uasset" 14
"../../../../../../Users/anthonyd/Documents/GitHub/FlipFlopCatShop/CatShop/Content/Textures/FFCSLantern.uasset" 15
"../../../../../../Users/anthonyd/Documents/GitHub/FlipFlopCatShop/CatShop/Content/Textures/FFCSLantern-em.uasset" 16
"../../../../../../Users/anthonyd/Documents/GitHub/FlipFlopCatShop/CatShop/Content/Materials/Entities/lantern-em.uasset" 17
"../../../../../../Users/anthonyd/Documents/GitHub/FlipFlopCatShop/CatShop/Content/Materials/flat-black.uasset" 18
"../../../../../../Users/anthonyd/Documents/GitHub/FlipFlopCatShop/CatShop/Content/Meshes/lantern-level.uasset" 19
"../../../../../../Users/anthonyd/Documents/GitHub/FlipFlopCatShop/CatShop/Content/Meshes/MachiyaBalconyDoors.uasset" 20
"../../../../../../Users/anthonyd/Documents/GitHub/FlipFlopCatShop/CatShop/Content/Meshes/Machiya_Reed_Blinds.uasset" 21
"../../../../../../Users/anthonyd/Documents/GitHub/FlipFlopCatShop/CatShop/Content/retro_8bit_sounds/damage_hurt/Wavs/retro_damage_hurt_ouch_33.uasset" 22
"../../../../../../Users/anthonyd/Documents/GitHub/FlipFlopCatShop/CatShop/Content/retro_8bit_sounds/miscellaneous/Wavs/retro_bird_critter_call_squawk_01.uasset" 23
"../../../../../../Users/anthonyd/Documents/GitHub/FlipFlopCatShop/CatShop/Content/Sounds/FastFlipFlopCatShop.uasset" 24
"../../../../../../Users/anthonyd/Documents/GitHub/FlipFlopCatShop/CatShop/Content/Sounds/FastFlipFlopCatShop_Cue.uasset" 25
"../../../../../../Users/anthonyd/Documents/GitHub/FlipFlopCatShop/CatShop/Content/Sounds/Flipflopcatshoptheme.uasset" 26
"../../../../../../Users/anthonyd/Documents/GitHub/FlipFlopCatShop/CatShop/Content/Sounds/Flipflopcatshoptheme_Cue.uasset" 27
"../../../../../../Users/anthonyd/Documents/GitHub/FlipFlopCatShop/CatShop/Content/Textures/adult-acc.uasset" 28
"../../../../../../Users/anthonyd/Documents/GitHub/FlipFlopCatShop/CatShop/Content/Textures/adult-body-base.uasset" 29
"../../../../../../Users/anthonyd/Documents/GitHub/FlipFlopCatShop/CatShop/Content/Textures/adult-clothes-f.uasset" 30
"../../../../../../Users/anthonyd/Documents/GitHub/FlipFlopCatShop/CatShop/Content/Textures/adult-clothes-m.uasset" 31
"../../../../../../Users/anthonyd/Documents/GitHub/FlipFlopCatShop/CatShop/Content/Textures/adult-hair-f.uasset" 32
"../../../../../../Users/anthonyd/Documents/GitHub/FlipFlopCatShop/CatShop/Content/Textures/adult-hair-m.uasset" 33
"../../../../../../Users/anthonyd/Documents/GitHub/FlipFlopCatShop/CatShop/Content/Textures/adult-head.uasset" 34
"../../../../../../Users/anthonyd/Documents/GitHub/FlipFlopCatShop/CatShop/Content/Textures/child-acc.uasset" 35
"../../../../../../Users/anthonyd/Documents/GitHub/FlipFlopCatShop/CatShop/Content/Textures/child-body-base.uasset" 36
"../../../../../../Users/anthonyd/Documents/GitHub/FlipFlopCatShop/CatShop/Content/Textures/child-clothes-f.uasset" 37
"../../../../../../Users/anthonyd/Documents/GitHub/FlipFlopCatShop/CatShop/Content/Textures/child-clothes-m.uasset" 38
"../../../../../../Users/anthonyd/Documents/GitHub/FlipFlopCatShop/CatShop/Content/Textures/child-hair.uasset" 39
"../../../../../../Users/anthonyd/Documents/GitHub/FlipFlopCatShop/CatShop/Content/Textures/child-head.uasset" 40
"../../../../../../Users/anthonyd/Documents/GitHub/FlipFlopCatShop/CatShop/Content/Textures/FFCSLantern-op.uasset" 41
"../../../../../../Users/anthonyd/Documents/GitHub/FlipFlopCatShop/CatShop/Content/Textures/flip-spook-sheet.uasset" 42
"../../../../../../Users/anthonyd/Documents/GitHub/FlipFlopCatShop/CatShop/Content/Textures/flop-spook-sheet.uasset" 43
"../../../../../../Users/anthonyd/Documents/GitHub/FlipFlopCatShop/CatShop/Content/Textures/yokai-acc.uasset" 44
"../../../../../../Users/anthonyd/Documents/GitHub/FlipFlopCatShop/CatShop/Content/Textures/yokai-adult-body.uasset" 45
"../../../../../../Users/anthonyd/Documents/GitHub/FlipFlopCatShop/CatShop/Content/Textures/yokai-adult-heads.uasset" 46
"../../../../../../Users/anthonyd/Documents/GitHub/FlipFlopCatShop/CatShop/Content/Textures/yokai-child-body.uasset" 47
"../../../../../../Users/anthonyd/Documents/GitHub/FlipFlopCatShop/CatShop/Content/Textures/yokai-child-heads.uasset" 48
"../../../../../../Users/anthonyd/Documents/GitHub/FlipFlopCatShop/CatShop/Content/Textures/buildings/machiya/Entrace_Door.uasset" 49
"../../../../../../Users/anthonyd/Documents/GitHub/FlipFlopCatShop/CatShop/Content/Textures/buildings/machiya/FFCSCourtyardArchv2.uasset" 50
"../../../../../../Users/anthonyd/Documents/GitHub/FlipFlopCatShop/CatShop/Content/Textures/buildings/machiya/FFCSCourtyardWall.uasset" 51
"../../../../../../Users/anthonyd/Documents/GitHub/FlipFlopCatShop/CatShop/Content/Textures/buildings/machiya/Machiya_Reed_Blinds-em.uasset" 52
"../../../../../../Users/anthonyd/Documents/GitHub/FlipFlopCatShop/CatShop/Content/Textures/buildings/shoppe/_0000_Awning-top.uasset" 53
"../../../Engine/Content/Animation/DefaultAnimCurveCompressionSettings.uasset" 54
"../../../Engine/Content/Functions/Engine_MaterialFunctions01/Opacity/CameraDepthFade.uasset" 55
"../../../Engine/Content/EngineMaterials/T_Default_Material_Grid_M.uasset" 56
"../../../Engine/Content/EngineMaterials/T_Default_Material_Grid_N.uasset" 57
"../../../Engine/Content/EngineMaterials/WorldGridMaterial.uasset" 58
"../../../Engine/Content/ArtTools/RenderToTexture/Meshes/S_1_Unit_Plane.uasset" 59
"../../../Engine/Content/EngineMaterials/DefaultMaterial.uasset" 60
"../../../Engine/Content/BasicShapes/Cone.uasset" 61
"../../../Engine/Content/BasicShapes/Cube.uasset" 62
"../../../Engine/Content/BasicShapes/Cylinder.uasset" 63
"../../../Engine/Content/EditorLandscapeResources/DataLayer.uasset" 64
"../../../Engine/Content/EditorMaterials/GizmoMaterial.uasset" 65
"../../../Engine/Content/EditorMaterials/MAT_Groups_Toggle.uasset" 66
"../../../Engine/Content/EditorMaterials/MAT_Groups_Visibility.uasset" 67
"../../../Engine/Content/EditorMaterials/PreviewShadowIndicator.uasset" 68
"../../../Engine/Content/EditorMaterials/PreviewShadowIndicatorMaterial.uasset" 69
"../../../Engine/Content/EditorMaterials/MatineeGroups/MAT_ColorTrack.uasset" 70
"../../../Engine/Content/EditorMaterials/MatineeGroups/MAT_Groups_Anim.uasset" 71
"../../../Engine/Content/EditorMaterials/MatineeGroups/MAT_Groups_AudioMaster.uasset" 72
"../../../Engine/Content/EditorMaterials/MatineeGroups/MAT_Groups_Director.uasset" 73
"../../../Engine/Content/EditorMaterials/MatineeGroups/MAT_Groups_Event.uasset" 74
"../../../Engine/Content/EditorMaterials/MatineeGroups/MAT_Groups_Fade.uasset" 75
"../../../Engine/Content/EditorMaterials/MatineeGroups/MAT_Groups_Float.uasset" 76
"../../../Engine/Content/EditorMaterials/MatineeGroups/MAT_Groups_Move.uasset" 77
"../../../Engine/Content/EditorMaterials/MatineeGroups/MAT_Groups_Slomo.uasset" 78
"../../../Engine/Content/EditorMaterials/MatineeGroups/MAT_Groups_Sound.uasset" 79
"../../../Engine/Content/EditorMaterials/MatineeGroups/MAT_Groups_Vector.uasset" 80
"../../../Engine/Content/EditorMaterials/ParticleSystems/PSysThumbnail_NoImage.uasset" 81
"../../../Engine/Content/EditorMaterials/ParticleSystems/PSysThumbnail_OOD.uasset" 82
"../../../Engine/Content/EditorMaterials/Camera/CineMat.uasset" 83
"../../../Engine/Content/EditorMaterials/Camera/MI_CineMat_Rig.uasset" 84
"../../../Engine/Content/EditorMeshes/Camera/SM_CraneRig_Arm.uasset" 85
"../../../Engine/Content/EditorMeshes/Camera/SM_CraneRig_Base.uasset" 86
"../../../Engine/Content/EditorMeshes/Camera/SM_CraneRig_Body.uasset" 87
"../../../Engine/Content/EditorMeshes/Camera/SM_CraneRig_Mount.uasset" 88
"../../../Engine/Content/EditorMeshes/Camera/SM_RailRig_Mount.uasset" 89
"../../../Engine/Content/EditorMeshes/Camera/SM_RailRig_Track.uasset" 90
"../../../Engine/Content/EditorResources/BSPVertex.uasset" 91
"../../../Engine/Content/EditorResources/EmptyActor.uasset" 92
"../../../Engine/Content/EditorResources/S_Actor.uasset" 93
"../../../Engine/Content/EditorResources/S_Note.uasset" 94
"../../../Engine/Content/EditorResources/S_Trigger.uasset" 95
"../../../Engine/Content/EditorResources/LightIcons/S_LightError.uasset" 96
"../../../Engine/Content/EditorResources/SequenceRecorder/Countdown.uasset" 97
"../../../Engine/Content/EditorResources/SequenceRecorder/RecordingIndicator.uasset" 98
"../../../Engine/Content/EditorSounds/Notifications/CompileFailed.uasset" 99
"../../../Engine/Content/EditorSounds/Notifications/CompileFailed_Cue.uasset" 100
"../../../Engine/Content/EditorSounds/Notifications/CompileSuccess.uasset" 101
"../../../Engine/Content/EditorSounds/Notifications/CompileStart_Cue.uasset" 102
"../../../Engine/Content/EditorSounds/Notifications/CompileSuccess_Cue.uasset" 103
"../../../Engine/Content/EngineDamageTypes/DmgTypeBP_Environmental.uasset" 104
"../../../Engine/Content/EngineDebugMaterials/HeatmapGradient.uasset" 105
"../../../Engine/Content/EngineDebugMaterials/BoneWeightMaterial.uasset" 106
"../../../Engine/Content/EngineDebugMaterials/ClothMaterial.uasset" 107
"../../../Engine/Content/EngineDebugMaterials/ClothMaterial_WF.uasset" 108
"../../../Engine/Content/EngineDebugMaterials/DebugEditorMaterial.uasset" 109
"../../../Engine/Content/EngineDebugMaterials/DebugMeshMaterial.uasset" 110
"../../../Engine/Content/EngineDebugMaterials/GeomMaterial.uasset" 111
"../../../Engine/Content/EngineDebugMaterials/M_SimpleTranslucent.uasset" 112
"../../../Engine/Content/EngineFonts/Faces/RobotoBold.uasset" 113
"../../../Engine/Content/EngineFonts/Faces/RobotoBoldItalic.uasset" 114
"../../../Engine/Content/EngineFonts/Faces/RobotoItalic.uasset" 115
"../../../Engine/Content/EngineFonts/Faces/RobotoLight.uasset" 116
"../../../Engine/Content/EngineFonts/Faces/RobotoRegular.uasset" 117
"../../../Engine/Content/EngineFonts/Roboto.uasset" 118
"../../../Engine/Content/EngineFonts/Faces/RobotoTiny.uasset" 119
"../../../Engine/Content/EngineFonts/RobotoTiny.uasset" 120
"../../../Engine/Content/EngineMaterials/BaseFlattenDiffuseMap.uasset" 121
"../../../Engine/Content/EngineMaterials/BaseFlattenEmissiveMap.uasset" 122
"../../../Engine/Content/EngineMaterials/BaseFlattenGrayscaleMap.uasset" 123
"../../../Engine/Content/EngineMaterials/BaseFlattenNormalMap.uasset" 124
"../../../Engine/Content/EngineMaterials/BaseFlattenMaterial.uasset" 125
"../../../Engine/Content/EngineMaterials/DefaultBloomKernel.uasset" 126
"../../../Engine/Content/EngineMaterials/DefaultBokeh.uasset" 127
"../../../Engine/Content/EngineMaterials/DefaultDiffuse.uasset" 128
"../../../Engine/Content/EngineMaterials/DefaultDeferredDecalMaterial.uasset" 129
"../../../Engine/Content/EngineMaterials/DefaultLightFunctionMaterial.uasset" 130
"../../../Engine/Content/EngineMaterials/DefaultPhysicalMaterial.uasset" 131
"../../../Engine/Content/Functions/Engine_MaterialFunctions02/Utility/BreakOutFloat2Components.uasset" 132
"../../../Engine/Content/EngineMaterials/DefaultPostProcessMaterial.uasset" 133
"../../../Engine/Content/EngineFonts/RobotoDistanceField.uasset" 134
"../../../Engine/Content/EngineMaterials/DefaultTextMaterialOpaque.uasset" 135
"../../../Engine/Content/EngineMaterials/DefaultWhiteGrid.uasset" 136
"../../../Engine/Content/EngineMaterials/EditorBrushMaterial.uasset" 137
"../../../Engine/Content/EngineMaterials/Good64x64TilingNoiseHighFreq.uasset" 138
"../../../Engine/Content/EngineMaterials/MiniFont.uasset" 139
"../../../Engine/Content/EngineMaterials/InvalidLightmapSettings.uasset" 140
"../../../Engine/Content/EngineMaterials/M_InvalidLightmapSettings.uasset" 141
"../../../Engine/Content/Functions/Engine_MaterialFunctions02/WorldPositionOffset/CameraOffset.uasset" 142
"../../../Engine/Content/EngineMaterials/PhAT_JointLimitMaterial.uasset" 143
"../../../Engine/Content/EngineMaterials/PreintegratedSkinBRDF.uasset" 144
"../../../Engine/Content/EngineMaterials/RemoveSurfaceMaterial.uasset" 145
"../../../Engine/Content/EngineMaterials/WeightMapPlaceholderTexture.uasset" 146
"../../../Engine/Content/EngineResources/WhiteSquareTexture.uasset" 147
"../../../Engine/Content/EngineMaterials/Widget3DPassThrough.uasset" 148
"../../../Engine/Content/EngineMaterials/Widget3DPassThrough_Masked.uasset" 149
"../../../Engine/Content/EngineMaterials/Widget3DPassThrough_Opaque.uasset" 150
"../../../Engine/Content/EngineMaterials/Widget3DPassThrough_Masked_OneSided.uasset" 151
"../../../Engine/Content/EngineMaterials/Widget3DPassThrough_Opaque_OneSided.uasset" 152
"../../../Engine/Content/EngineMaterials/Widget3DPassThrough_Translucent.uasset" 153
"../../../Engine/Content/EngineMaterials/Widget3DPassThrough_Translucent_OneSided.uasset" 154
"../../../Engine/Content/EngineMeshes/Cylinder.uasset" 155
"../../../Engine/Content/EngineMeshes/Sphere.uasset" 156
"../../../Engine/Content/EngineResources/Black.uasset" 157
"../../../Engine/Content/EngineResources/DefaultTexture.uasset" 158
"../../../Engine/Content/EngineResources/DefaultTextureCube.uasset" 159
"../../../Engine/Content/EngineResources/DefaultVolumeTexture2D.uasset" 160
"../../../Engine/Content/EngineResources/DefaultVolumeTexture.uasset" 161
"../../../Engine/Content/EngineResources/GradientTexture0.uasset" 162
"../../../Engine/Content/EngineSounds/Master.uasset" 163
"../../../Engine/Content/Functions/Engine_MaterialFunctions01/Shading/ConvertFromDiffSpec.uasset" 164
"../../../Engine/Content/Functions/Engine_MaterialFunctions01/Shading/PowerToRoughness.uasset" 165
"../../../Engine/Content/Maps/Templates/Thumbnails/Default.uasset" 166
"../../../Engine/Content/Maps/Templates/Thumbnails/VR-Basic.uasset" 167
"../../../Engine/Content/MobileResources/T_MobileControls_texture.uasset" 168
"../../../Engine/Content/MobileResources/T_MobileMenu2.uasset" 169
"../../../Engine/Content/MobileResources/HUD/AnalogHat.uasset" 170
"../../../Engine/Content/MobileResources/HUD/VirtualJoystick_Background.uasset" 171
"../../../Engine/Content/MobileResources/HUD/VirtualJoystick_Thumb.uasset" 172
"../../../Engine/Content/MobileResources/HUD/DefaultVirtualJoysticks.uasset" 173
"../../../Engine/Content/MobileResources/HUD/LeftVirtualJoystickOnly.uasset" 174
"../../../Engine/Content/MobileResources/HUD/MobileHUDButton1_off.uasset" 175
"../../../Engine/Content/MobileResources/HUD/MobileHUDButton1_on.uasset" 176
"../../../Engine/Content/MobileResources/HUD/MobileHUDButton2_off.uasset" 177
"../../../Engine/Content/MobileResources/HUD/MobileHUDButton2_on.uasset" 178
"../../../Engine/Content/MobileResources/HUD/MobileHUDButton3.uasset" 179
"../../../Engine/Content/MobileResources/HUD/MobileHUDButtonFire.uasset" 180
"../../../Engine/Content/MobileResources/HUD/MobileHUDDirectionPad.uasset" 181
"../../../Engine/Content/MobileResources/HUD/MobileHUDDirectionPad2.uasset" 182
"../../../Engine/Content/MobileResources/HUD/MobileHUDDirectionPad3.uasset" 183
"../../../Engine/Content/MobileResources/HUD/MobileHUDDirectionStick.uasset" 184
"../../../Engine/Content/MobileResources/HUD/T_Castle_ThumbstickInner.uasset" 185
"../../../Engine/Content/MobileResources/HUD/T_Castle_ThumbstickOutter.uasset" 186
"../../../Engine/Content/Tutorial/ContentIntroCurve.uasset" 187
"../../../Engine/Content/Tutorial/Basics/LevelEditorAttract.uasset" 188
"../../../Engine/Content/Tutorial/Basics/TutorialAssets/icon_tab_Levels_40x.uasset" 189
"../../../Engine/Content/Tutorial/Basics/LevelEditorOverview.uasset" 190
"../../../Engine/Content/VREditor/LaserPointer/VR_LaserPower_01.uasset" 191
"../../../Engine/Content/VREditor/TransformGizmo/TransformGizmoMaterial.uasset" 192
"../../../Engine/Content/VREditor/TransformGizmo/TranslucentTransformGizmoMaterial.uasset" 193
"../../../Engine/Content/VREditor/TransformGizmo/BoundingBoxCorner.uasset" 194
"../../../Engine/Content/VREditor/TransformGizmo/BoundingBoxEdge.uasset" 195
"../../../Engine/Content/VREditor/TransformGizmo/PlaneTranslationHandle.uasset" 196
"../../../Engine/Content/VREditor/TransformGizmo/Main.uasset" 197
"../../../Engine/Content/VREditor/TransformGizmo/Xray.uasset" 198
"../../../Engine/Content/VREditor/TransformGizmo/SM_Sequencer_Key.uasset" 199
"../../../Engine/Content/VREditor/TransformGizmo/SM_Sequencer_Node.uasset" 200
"../../Plugins/2D/Paper2D/Content/PlaceholderTextures/DummySpriteTexture.uasset" 201
"../../Plugins/2D/Paper2D/Content/DummySprite.uasset" 202
"../../Plugins/2D/Paper2D/Content/DefaultPaperTerrainMaterial.uasset" 203
"../../Plugins/2D/Paper2D/Content/DummySpriteTexture.uasset" 204
"../../Plugins/2D/Paper2D/Content/DefaultSpriteMaterial.uasset" 205
"../../Plugins/2D/Paper2D/Content/MaskedUnlitSpriteMaterial.uasset" 206
"../../Plugins/2D/Paper2D/Content/OpaqueUnlitSpriteMaterial.uasset" 207
"../../Plugins/Runtime/Oculus/OculusVR/Content/OculusMR_RenderTarget.uasset" 208
"../../../Engine/Content/Functions/Engine_MaterialFunctions02/Utility/BreakOutFloat4Components.uasset" 209
"../../../Engine/Content/Functions/Engine_MaterialFunctions02/Utility/MakeFloat2.uasset" 210
"../../../Engine/Content/Functions/Engine_MaterialFunctions02/Utility/MakeFloat3.uasset" 211
"../../Plugins/Runtime/Oculus/OculusVR/Content/Materials/OculusMR_ChromaKey.uasset" 212
"../../Plugins/Runtime/Oculus/OculusVR/Content/Materials/OculusMR_ChromaKey_Lit.uasset" 213
"../../Plugins/Runtime/Oculus/OculusVR/Content/Materials/OculusMR_OpaqueColoredMaterial.uasset" 214
"../../Plugins/Runtime/Oculus/OculusVR/Content/Materials/OculusMR_WhiteMaterial.uasset" 215
"../../Plugins/Runtime/Oculus/OculusVR/Content/Materials/PokeAHoleMaterial.uasset" 216
"../../Plugins/Runtime/Oculus/OculusVR/Content/Textures/GearVRController_AO.uasset" 217
"../../Plugins/Runtime/Oculus/OculusVR/Content/Textures/GearVRController_Color.uasset" 218
"../../Plugins/Runtime/Oculus/OculusVR/Content/Textures/GearVRController_Normal.uasset" 219
"../../Plugins/Runtime/Oculus/OculusVR/Content/Materials/GearVRControllerMaterial.uasset" 220
"../../Plugins/Runtime/Oculus/OculusVR/Content/Meshes/GearVrController.uasset" 221
"../../Plugins/Runtime/Oculus/OculusVR/Content/Textures/touchController_albedo.uasset" 222
"../../Plugins/Runtime/Oculus/OculusVR/Content/Textures/touchController_controlmap.uasset" 223
"../../Plugins/Runtime/Oculus/OculusVR/Content/Materials/touchController_mat.uasset" 224
"../../Plugins/Runtime/Oculus/OculusVR/Content/Meshes/LeftTouchController.uasset" 225
"../../Plugins/Runtime/Oculus/OculusVR/Content/Meshes/RiftHMD.uasset" 226
"../../Plugins/Runtime/Oculus/OculusVR/Content/Meshes/RightTouchController.uasset" 227
"../../../../../../Users/anthonyd/Documents/GitHub/FlipFlopCatShop/CatShop/Content/Materials/flat-player-2.uasset" 228
"../../../Engine/Content/BasicShapes/Plane.uasset" 229
"../../../../../../Users/anthonyd/Documents/GitHub/FlipFlopCatShop/CatShop/Content/Blueprints/Objects/bp-flip-zone.uasset" 230
"../../../../../../Users/anthonyd/Documents/GitHub/FlipFlopCatShop/CatShop/Content/Materials/flat-player-1.uasset" 231
"../../../../../../Users/anthonyd/Documents/GitHub/FlipFlopCatShop/CatShop/Content/Blueprints/Objects/bp-flop-zone.uasset" 232
"../../../../../../Users/anthonyd/Documents/GitHub/FlipFlopCatShop/CatShop/Content/Retro_8Bit_Sounds/Collectables/Wavs/retro_collect_pickup_coin_20.uasset" 233
"../../../../../../Users/anthonyd/Documents/GitHub/FlipFlopCatShop/CatShop/Content/Retro_8Bit_Sounds/Collectables/Cues/coin-clink.uasset" 234
"../../../../../../Users/anthonyd/Documents/GitHub/FlipFlopCatShop/CatShop/Content/Retro_8Bit_Sounds/Collectables/Wavs/retro_collect_pickup_item_06.uasset" 235
"../../../../../../Users/anthonyd/Documents/GitHub/FlipFlopCatShop/CatShop/Content/Retro_8Bit_Sounds/Collectables/Cues/coin-loss.uasset" 236
"../../../../../../Users/anthonyd/Documents/GitHub/FlipFlopCatShop/CatShop/Content/Blueprints/Objects/bp-door.uasset" 237
"../../Plugins/2D/Paper2D/Content/PlaceholderTextures/FlatNormalMap.uasset" 238
"../../Plugins/2D/Paper2D/Content/DefaultLitSpriteMaterial.uasset" 239
"../../Plugins/2D/Paper2D/Content/MaskedLitSpriteMaterial.uasset" 240
"../../../../../../Users/anthonyd/Documents/GitHub/FlipFlopCatShop/CatShop/Content/Textures/person/adult-acc.uasset" 241
"../../../../../../Users/anthonyd/Documents/GitHub/FlipFlopCatShop/CatShop/Content/Materials/Entities/Sprites/person-acc/acc-b-p-4.uasset" 242
"../../../../../../Users/anthonyd/Documents/GitHub/FlipFlopCatShop/CatShop/Content/Materials/Entities/Sprites/person-acc/acc-f-p-0.uasset" 243
"../../../../../../Users/anthonyd/Documents/GitHub/FlipFlopCatShop/CatShop/Content/Textures/person/child-acc.uasset" 244
"../../../../../../Users/anthonyd/Documents/GitHub/FlipFlopCatShop/CatShop/Content/Materials/Entities/Sprites/person-acc/acc-m-c-0.uasset" 245
"../../../../../../Users/anthonyd/Documents/GitHub/FlipFlopCatShop/CatShop/Content/Materials/Entities/Sprites/person-acc/acc-m-c-1.uasset" 246
"../../../../../../Users/anthonyd/Documents/GitHub/FlipFlopCatShop/CatShop/Content/Materials/Entities/Sprites/person-acc/acc-m-p-1.uasset" 247
"../../../../../../Users/anthonyd/Documents/GitHub/FlipFlopCatShop/CatShop/Content/Materials/Entities/Sprites/person-acc/acc-m-p-2.uasset" 248
"../../../../../../Users/anthonyd/Documents/GitHub/FlipFlopCatShop/CatShop/Content/Materials/Entities/Sprites/person-acc/acc-m-p-3.uasset" 249
"../../../../../../Users/anthonyd/Documents/GitHub/FlipFlopCatShop/CatShop/Content/Textures/person/child-body-base.uasset" 250
"../../../../../../Users/anthonyd/Documents/GitHub/FlipFlopCatShop/CatShop/Content/Materials/Entities/Sprites/person-base/body-c-0.uasset" 251
"../../../../../../Users/anthonyd/Documents/GitHub/FlipFlopCatShop/CatShop/Content/Textures/person/adult-body-base.uasset" 252
"../../../../../../Users/anthonyd/Documents/GitHub/FlipFlopCatShop/CatShop/Content/Materials/Entities/Sprites/person-base/body-p-0.uasset" 253
"../../../../../../Users/anthonyd/Documents/GitHub/FlipFlopCatShop/CatShop/Content/Textures/person/child-head.uasset" 254
"../../../../../../Users/anthonyd/Documents/GitHub/FlipFlopCatShop/CatShop/Content/Materials/Entities/Sprites/person-base/head-c-0.uasset" 255
"../../../../../../Users/anthonyd/Documents/GitHub/FlipFlopCatShop/CatShop/Content/Textures/person/adult-head.uasset" 256
"../../../../../../Users/anthonyd/Documents/GitHub/FlipFlopCatShop/CatShop/Content/Materials/Entities/Sprites/person-base/head-p-0.uasset" 257
"../../../../../../Users/anthonyd/Documents/GitHub/FlipFlopCatShop/CatShop/Content/Textures/person/child-clothes-f.uasset" 258
"../../../../../../Users/anthonyd/Documents/GitHub/FlipFlopCatShop/CatShop/Content/Materials/Entities/Sprites/person-clothes/clothes-c-f-0.uasset" 259
"../../../../../../Users/anthonyd/Documents/GitHub/FlipFlopCatShop/CatShop/Content/Materials/Entities/Sprites/person-clothes/clothes-c-f-1.uasset" 260
"../../../../../../Users/anthonyd/Documents/GitHub/FlipFlopCatShop/CatShop/Content/Textures/person/child-clothes-m.uasset" 261
"../../../../../../Users/anthonyd/Documents/GitHub/FlipFlopCatShop/CatShop/Content/Materials/Entities/Sprites/person-clothes/clothes-c-m-0.uasset" 262
"../../../../../../Users/anthonyd/Documents/GitHub/FlipFlopCatShop/CatShop/Content/Materials/Entities/Sprites/person-clothes/clothes-c-m-1.uasset" 263
"../../../../../../Users/anthonyd/Documents/GitHub/FlipFlopCatShop/CatShop/Content/Textures/person/adult-clothes-f.uasset" 264
"../../../../../../Users/anthonyd/Documents/GitHub/FlipFlopCatShop/CatShop/Content/Materials/Entities/Sprites/person-clothes/clothes-p-b-0.uasset" 265
"../../../../../../Users/anthonyd/Documents/GitHub/FlipFlopCatShop/CatShop/Content/Materials/Entities/Sprites/person-clothes/clothes-p-f-0.uasset" 266
"../../../../../../Users/anthonyd/Documents/GitHub/FlipFlopCatShop/CatShop/Content/Materials/Entities/Sprites/person-clothes/clothes-p-f-1.uasset" 267
"../../../../../../Users/anthonyd/Documents/GitHub/FlipFlopCatShop/CatShop/Content/Textures/person/adult-clothes-m.uasset" 268
"../../../../../../Users/anthonyd/Documents/GitHub/FlipFlopCatShop/CatShop/Content/Materials/Entities/Sprites/person-clothes/clothes-p-f-2.uasset" 269
"../../../../../../Users/anthonyd/Documents/GitHub/FlipFlopCatShop/CatShop/Content/Materials/Entities/Sprites/person-clothes/clothes-p-m-0.uasset" 270
"../../../../../../Users/anthonyd/Documents/GitHub/FlipFlopCatShop/CatShop/Content/Textures/person/child-hair.uasset" 271
"../../../../../../Users/anthonyd/Documents/GitHub/FlipFlopCatShop/CatShop/Content/Materials/Entities/Sprites/person-hair/hair-c-f-0.uasset" 272
"../../../../../../Users/anthonyd/Documents/GitHub/FlipFlopCatShop/CatShop/Content/Materials/Entities/Sprites/person-hair/hair-c-m-0.uasset" 273
"../../../../../../Users/anthonyd/Documents/GitHub/FlipFlopCatShop/CatShop/Content/Textures/person/adult-hair-f.uasset" 274
"../../../../../../Users/anthonyd/Documents/GitHub/FlipFlopCatShop/CatShop/Content/Materials/Entities/Sprites/person-hair/hair-p-f-0.uasset" 275
"../../../../../../Users/anthonyd/Documents/GitHub/FlipFlopCatShop/CatShop/Content/Materials/Entities/Sprites/person-hair/hair-p-f-1.uasset" 276
"../../../../../../Users/anthonyd/Documents/GitHub/FlipFlopCatShop/CatShop/Content/Textures/person/adult-hair-m.uasset" 277
"../../../../../../Users/anthonyd/Documents/GitHub/FlipFlopCatShop/CatShop/Content/Materials/Entities/Sprites/person-hair/hair-p-m-0.uasset" 278
"../../../../../../Users/anthonyd/Documents/GitHub/FlipFlopCatShop/CatShop/Content/Materials/Entities/Sprites/person-hair/hair-p-m-1.uasset" 279
"../../../../../../Users/anthonyd/Documents/GitHub/FlipFlopCatShop/CatShop/Content/Textures/person/yokai-acc.uasset" 280
"../../../../../../Users/anthonyd/Documents/GitHub/FlipFlopCatShop/CatShop/Content/Materials/Entities/Sprites/yokai-acc/acc-b-y-0.uasset" 281
"../../../../../../Users/anthonyd/Documents/GitHub/FlipFlopCatShop/CatShop/Content/Materials/Entities/Sprites/yokai-acc/acc-b-y-1.uasset" 282
"../../../../../../Users/anthonyd/Documents/GitHub/FlipFlopCatShop/CatShop/Content/Materials/Entities/Sprites/yokai-acc/acc-b-y-2.uasset" 283
"../../../../../../Users/anthonyd/Documents/GitHub/FlipFlopCatShop/CatShop/Content/Materials/Entities/Sprites/yokai-acc/acc-f-y-0.uasset" 284
"../../../../../../Users/anthonyd/Documents/GitHub/FlipFlopCatShop/CatShop/Content/Materials/Entities/Sprites/yokai-acc/acc-f-y-1.uasset" 285
"../../../../../../Users/anthonyd/Documents/GitHub/FlipFlopCatShop/CatShop/Content/Materials/Entities/Sprites/yokai-acc/acc-m-y-0.uasset" 286
"../../../../../../Users/anthonyd/Documents/GitHub/FlipFlopCatShop/CatShop/Content/Materials/Entities/Sprites/yokai-acc/acc-m-y-1.uasset" 287
"../../../../../../Users/anthonyd/Documents/GitHub/FlipFlopCatShop/CatShop/Content/Materials/Entities/Sprites/yokai-acc/acc-m-y-2.uasset" 288
"../../../../../../Users/anthonyd/Documents/GitHub/FlipFlopCatShop/CatShop/Content/Textures/person/yokai-adult-body.uasset" 289
"../../../../../../Users/anthonyd/Documents/GitHub/FlipFlopCatShop/CatShop/Content/Materials/Entities/Sprites/yokai-base/body-y-0.uasset" 290
"../../../../../../Users/anthonyd/Documents/GitHub/FlipFlopCatShop/CatShop/Content/Materials/Entities/Sprites/yokai-base/body-y-1.uasset" 291
"../../../../../../Users/anthonyd/Documents/GitHub/FlipFlopCatShop/CatShop/Content/Materials/Entities/Sprites/yokai-base/body-y-2.uasset" 292
"../../../../../../Users/anthonyd/Documents/GitHub/FlipFlopCatShop/CatShop/Content/Materials/Entities/Sprites/yokai-base/body-y-3.uasset" 293
"../../../../../../Users/anthonyd/Documents/GitHub/FlipFlopCatShop/CatShop/Content/Materials/Entities/Sprites/yokai-base/body-y-4.uasset" 294
"../../../../../../Users/anthonyd/Documents/GitHub/FlipFlopCatShop/CatShop/Content/Textures/person/yokai-child-body.uasset" 295
"../../../../../../Users/anthonyd/Documents/GitHub/FlipFlopCatShop/CatShop/Content/Materials/Entities/Sprites/yokai-base/body-y-c-0.uasset" 296
"../../../../../../Users/anthonyd/Documents/GitHub/FlipFlopCatShop/CatShop/Content/Materials/Entities/Sprites/yokai-base/body-y-c-1.uasset" 297
"../../../../../../Users/anthonyd/Documents/GitHub/FlipFlopCatShop/CatShop/Content/Materials/Entities/Sprites/yokai-base/body-y-c-2.uasset" 298
"../../../../../../Users/anthonyd/Documents/GitHub/FlipFlopCatShop/CatShop/Content/Materials/Entities/Sprites/yokai-base/body-y-c-3.uasset" 299
"../../../../../../Users/anthonyd/Documents/GitHub/FlipFlopCatShop/CatShop/Content/Materials/Entities/Sprites/yokai-base/body-y-c-4.uasset" 300
"../../../../../../Users/anthonyd/Documents/GitHub/FlipFlopCatShop/CatShop/Content/Textures/person/yokai-adult-heads.uasset" 301
"../../../../../../Users/anthonyd/Documents/GitHub/FlipFlopCatShop/CatShop/Content/Materials/Entities/Sprites/yokai-base/head-y-0.uasset" 302
"../../../../../../Users/anthonyd/Documents/GitHub/FlipFlopCatShop/CatShop/Content/Materials/Entities/Sprites/yokai-base/head-y-1.uasset" 303
"../../../../../../Users/anthonyd/Documents/GitHub/FlipFlopCatShop/CatShop/Content/Materials/Entities/Sprites/yokai-base/head-y-2.uasset" 304
"../../../../../../Users/anthonyd/Documents/GitHub/FlipFlopCatShop/CatShop/Content/Materials/Entities/Sprites/yokai-base/head-y-3.uasset" 305
"../../../../../../Users/anthonyd/Documents/GitHub/FlipFlopCatShop/CatShop/Content/Materials/Entities/Sprites/yokai-base/head-y-4.uasset" 306
"../../../../../../Users/anthonyd/Documents/GitHub/FlipFlopCatShop/CatShop/Content/Textures/person/yokai-child-heads.uasset" 307
"../../../../../../Users/anthonyd/Documents/GitHub/FlipFlopCatShop/CatShop/Content/Materials/Entities/Sprites/yokai-base/head-y-c-0.uasset" 308
"../../../../../../Users/anthonyd/Documents/GitHub/FlipFlopCatShop/CatShop/Content/Materials/Entities/Sprites/yokai-base/head-y-c-1.uasset" 309
"../../../../../../Users/anthonyd/Documents/GitHub/FlipFlopCatShop/CatShop/Content/Materials/Entities/Sprites/yokai-base/head-y-c-2.uasset" 310
"../../../../../../Users/anthonyd/Documents/GitHub/FlipFlopCatShop/CatShop/Content/Materials/Entities/Sprites/yokai-base/head-y-c-3.uasset" 311
"../../../../../../Users/anthonyd/Documents/GitHub/FlipFlopCatShop/CatShop/Content/Materials/Entities/Sprites/yokai-base/head-y-c-4.uasset" 312
"../../../../../../Users/anthonyd/Documents/GitHub/FlipFlopCatShop/CatShop/Content/Textures/person/yokai-flame.uasset" 313
"../../../../../../Users/anthonyd/Documents/GitHub/FlipFlopCatShop/CatShop/Content/Materials/Entities/Sprites/yokai-flame/yokai-flame_Sprite_0.uasset" 314
"../../../../../../Users/anthonyd/Documents/GitHub/FlipFlopCatShop/CatShop/Content/Materials/Entities/Sprites/yokai-flame/yokai-flame_Sprite_1.uasset" 315
"../../../../../../Users/anthonyd/Documents/GitHub/FlipFlopCatShop/CatShop/Content/Materials/Entities/Sprites/yokai-flame/yokai-flame_Sprite_2.uasset" 316
"../../../../../../Users/anthonyd/Documents/GitHub/FlipFlopCatShop/CatShop/Content/Materials/Entities/Sprites/yokai-flame/yokai-flame_Sprite_3.uasset" 317
"../../../../../../Users/anthonyd/Documents/GitHub/FlipFlopCatShop/CatShop/Content/Materials/Entities/Sprites/yokai-flame/yokai-flame_Sprite_4.uasset" 318
"../../../../../../Users/anthonyd/Documents/GitHub/FlipFlopCatShop/CatShop/Content/Materials/Entities/Sprites/yokai-flame/yokai-flame_Sprite_5.uasset" 319
"../../../../../../Users/anthonyd/Documents/GitHub/FlipFlopCatShop/CatShop/Content/Materials/Entities/Sprites/yokai-flame/yokai-flame.uasset" 320
"../../../../../../Users/anthonyd/Documents/GitHub/FlipFlopCatShop/CatShop/Content/Retro_8Bit_Sounds/Damage_Hurt/Wavs/retro_damage_hurt_ouch_26.uasset" 321
"../../../../../../Users/anthonyd/Documents/GitHub/FlipFlopCatShop/CatShop/Content/retro_8bit_sounds/damage_hurt/Cues/spook-child-sound.uasset" 322
"../../../../../../Users/anthonyd/Documents/GitHub/FlipFlopCatShop/CatShop/Content/Retro_8Bit_Sounds/Damage_Hurt/Wavs/retro_damage_hurt_ouch_41.uasset" 323
"../../../../../../Users/anthonyd/Documents/GitHub/FlipFlopCatShop/CatShop/Content/retro_8bit_sounds/damage_hurt/Cues/spook-man-sound.uasset" 324
"../../../../../../Users/anthonyd/Documents/GitHub/FlipFlopCatShop/CatShop/Content/Retro_8Bit_Sounds/Damage_Hurt/Wavs/retro_damage_hurt_ouch_31.uasset" 325
"../../../../../../Users/anthonyd/Documents/GitHub/FlipFlopCatShop/CatShop/Content/retro_8bit_sounds/damage_hurt/Cues/spook-woman-sound.uasset" 326
"../../../../../../Users/anthonyd/Documents/GitHub/FlipFlopCatShop/CatShop/Content/Retro_8Bit_Sounds/Menu_UI_Beeps/Wavs/retro_code_signal_dailing_01.uasset" 327
"../../../../../../Users/anthonyd/Documents/GitHub/FlipFlopCatShop/CatShop/Content/retro_8bit_sounds/Menu_UI_Beeps/Cues/walk-in-sound.uasset" 328
"../../../../../../Users/anthonyd/Documents/GitHub/FlipFlopCatShop/CatShop/Content/Retro_8Bit_Sounds/Miscellaneous/Wavs/retro_misc_various_sounds_83.uasset" 329
"../../../../../../Users/anthonyd/Documents/GitHub/FlipFlopCatShop/CatShop/Content/retro_8bit_sounds/miscellaneous/Cues/spirit-spook-sound.uasset" 330
"../../../../../../Users/anthonyd/Documents/GitHub/FlipFlopCatShop/CatShop/Content/Blueprints/Objects/obj-person.uasset" 331
"../../../../../../Users/anthonyd/Documents/GitHub/FlipFlopCatShop/CatShop/Content/Textures/player/flop-spook-sheet.uasset" 332
"../../../../../../Users/anthonyd/Documents/GitHub/FlipFlopCatShop/CatShop/Content/Materials/Entities/Sprites/flip-cat/flip-spook-1.uasset" 333
"../../../../../../Users/anthonyd/Documents/GitHub/FlipFlopCatShop/CatShop/Content/Materials/Entities/Sprites/flip-cat/flip-spook-2.uasset" 334
"../../../../../../Users/anthonyd/Documents/GitHub/FlipFlopCatShop/CatShop/Content/Materials/Entities/Sprites/flip-cat/flip-spook-3.uasset" 335
"../../../../../../Users/anthonyd/Documents/GitHub/FlipFlopCatShop/CatShop/Content/Materials/Entities/Sprites/flip-cat/fb-flip-idle.uasset" 336
"../../../../../../Users/anthonyd/Documents/GitHub/FlipFlopCatShop/CatShop/Content/Textures/player/flip-spook-sheet.uasset" 337
"../../../../../../Users/anthonyd/Documents/GitHub/FlipFlopCatShop/CatShop/Content/Materials/Entities/Sprites/flop-cat/flop-spook-1.uasset" 338
"../../../../../../Users/anthonyd/Documents/GitHub/FlipFlopCatShop/CatShop/Content/Materials/Entities/Sprites/flop-cat/flop-spook-2.uasset" 339
"../../../../../../Users/anthonyd/Documents/GitHub/FlipFlopCatShop/CatShop/Content/Materials/Entities/Sprites/flop-cat/flop-spook-3.uasset" 340
"../../../../../../Users/anthonyd/Documents/GitHub/FlipFlopCatShop/CatShop/Content/Materials/Entities/Sprites/flop-cat/fb-flop-idle.uasset" 341
"../../../../../../Users/anthonyd/Documents/GitHub/FlipFlopCatShop/CatShop/Content/Textures/player/coin.uasset" 342
"../../../../../../Users/anthonyd/Documents/GitHub/FlipFlopCatShop/CatShop/Content/Textures/player/coin_Sprite.uasset" 343
"../../../../../../Users/anthonyd/Documents/GitHub/FlipFlopCatShop/CatShop/Content/Blueprints/Objects/obj-player.uasset" 344
"../../../../../../Users/anthonyd/Documents/GitHub/FlipFlopCatShop/CatShop/Content/Materials/Entities/Sprites/flip-cat/flip-spook-4.uasset" 345
"../../../../../../Users/anthonyd/Documents/GitHub/FlipFlopCatShop/CatShop/Content/Materials/Entities/Sprites/flip-cat/flip-spook-5.uasset" 346
"../../../../../../Users/anthonyd/Documents/GitHub/FlipFlopCatShop/CatShop/Content/Materials/Entities/Sprites/flip-cat/fb-flip-spook.uasset" 347
"../../../../../../Users/anthonyd/Documents/GitHub/FlipFlopCatShop/CatShop/Content/Materials/Entities/Sprites/flop-cat/flop-spook-4.uasset" 348
"../../../../../../Users/anthonyd/Documents/GitHub/FlipFlopCatShop/CatShop/Content/Materials/Entities/Sprites/flop-cat/flop-spook-5.uasset" 349
"../../../../../../Users/anthonyd/Documents/GitHub/FlipFlopCatShop/CatShop/Content/Materials/Entities/Sprites/flop-cat/fb-flop-spook.uasset" 350
"../../../../../../Users/anthonyd/Documents/GitHub/FlipFlopCatShop/CatShop/Content/Retro_8Bit_Sounds/Damage_Hurt/Wavs/retro_damage_hurt_ouch_34.uasset" 351
"../../../../../../Users/anthonyd/Documents/GitHub/FlipFlopCatShop/CatShop/Content/retro_8bit_sounds/damage_hurt/Cues/flip-spook-sound.uasset" 352
"../../../../../../Users/anthonyd/Documents/GitHub/FlipFlopCatShop/CatShop/Content/Retro_8Bit_Sounds/Damage_Hurt/Wavs/retro_damage_hurt_ouch_32.uasset" 353
"../../../../../../Users/anthonyd/Documents/GitHub/FlipFlopCatShop/CatShop/Content/retro_8bit_sounds/damage_hurt/Cues/flop-spook-sound.uasset" 354
"../../../../../../Users/anthonyd/Documents/GitHub/FlipFlopCatShop/CatShop/Content/Blueprints/Controllers/cat-playercontroller.uasset" 355
"../../../Engine/Content/BasicShapes/BasicShapeMaterial.uasset" 356
"../../../Engine/Content/BasicShapes/Sphere.uasset" 357
"../../../../../../Users/anthonyd/Documents/GitHub/FlipFlopCatShop/CatShop/Content/Blueprints/Objects/bp-spawner.uasset" 358
"../../../../../../Users/anthonyd/Documents/GitHub/FlipFlopCatShop/CatShop/Content/Blueprints/Controllers/bp-spawnhandler.uasset" 359
"../../../../../../Users/anthonyd/Documents/GitHub/FlipFlopCatShop/CatShop/Content/Blueprints/Controllers/difficulty-curve.uasset" 360
"../../../../../../Users/anthonyd/Documents/GitHub/FlipFlopCatShop/CatShop/Content/Widgets/ui-score.uasset" 361
"../../../../../../Users/anthonyd/Documents/GitHub/FlipFlopCatShop/CatShop/Content/Blueprints/Controllers/cat-gamemode.uasset" 362
"../../../../../../Users/anthonyd/Documents/GitHub/FlipFlopCatShop/CatShop/Content/Levels/00-persistent-level_BuiltData.uasset" 363
"../../../../../../Users/anthonyd/Documents/GitHub/FlipFlopCatShop/CatShop/Content/Fonts/Harabara_Mais_Demo.uasset" 364
"../../../../../../Users/anthonyd/Documents/GitHub/FlipFlopCatShop/CatShop/Content/Fonts/Harabara_Mais_Demo_Font.uasset" 365
"../../../../../../Users/anthonyd/Documents/GitHub/FlipFlopCatShop/CatShop/Content/Fonts/JAPAB___.uasset" 366
"../../../../../../Users/anthonyd/Documents/GitHub/FlipFlopCatShop/CatShop/Content/Fonts/JAPAB____Font.uasset" 367
"../../../../../../Users/anthonyd/Documents/GitHub/FlipFlopCatShop/CatShop/Content/Textures/controls.uasset" 368
"../../../../../../Users/anthonyd/Documents/GitHub/FlipFlopCatShop/CatShop/Content/Textures/patrons.uasset" 369
"../../../../../../Users/anthonyd/Documents/GitHub/FlipFlopCatShop/CatShop/Content/Textures/paw.uasset" 370
"../../../../../../Users/anthonyd/Documents/GitHub/FlipFlopCatShop/CatShop/Content/Textures/yokai.uasset" 371
"../../../../../../Users/anthonyd/Documents/GitHub/FlipFlopCatShop/CatShop/Content/Widgets/ui-controls.uasset" 372
"../../../../../../Users/anthonyd/Documents/GitHub/FlipFlopCatShop/CatShop/Content/Widgets/ui-credits.uasset" 373
"../../../../../../Users/anthonyd/Documents/GitHub/FlipFlopCatShop/CatShop/Content/Widgets/ui-main-menu.uasset" 374
"../../../../../../Users/anthonyd/Documents/GitHub/FlipFlopCatShop/CatShop/Content/Textures/Countdown1.uasset" 375
"../../../../../../Users/anthonyd/Documents/GitHub/FlipFlopCatShop/CatShop/Content/Textures/Countdown2.uasset" 376
"../../../../../../Users/anthonyd/Documents/GitHub/FlipFlopCatShop/CatShop/Content/Textures/Countdown3.uasset" 377
"../../../../../../Users/anthonyd/Documents/GitHub/FlipFlopCatShop/CatShop/Content/Widgets/ui-countdown.uasset" 378
"../../../../../../Users/anthonyd/Documents/GitHub/FlipFlopCatShop/CatShop/Content/Widgets/ui-game-over.uasset" 379
"../../../../../../Users/anthonyd/Documents/GitHub/FlipFlopCatShop/CatShop/Content/Widgets/ui-intro-splash.uasset" 380
"../../../../../../Users/anthonyd/Documents/GitHub/FlipFlopCatShop/CatShop/Content/Widgets/ui-loading-screen.uasset" 381
"../../../../../../Users/anthonyd/Documents/GitHub/FlipFlopCatShop/CatShop/Content/Levels/00-persistent-level.umap" 382
"../../../../../../Users/anthonyd/Documents/GitHub/FlipFlopCatShop/CatShop/Content/Levels/01-intro-splash_BuiltData.uasset" 383
"../../../../../../Users/anthonyd/Documents/GitHub/FlipFlopCatShop/CatShop/Content/Levels/01-intro-splash.umap" 384
"../../../../../../Users/anthonyd/Documents/GitHub/FlipFlopCatShop/CatShop/Content/Materials/light-flicker.uasset" 385
"../../../../../../Users/anthonyd/Documents/GitHub/FlipFlopCatShop/CatShop/Content/Meshes/lantern.uasset" 386
"../../../../../../Users/anthonyd/Documents/GitHub/FlipFlopCatShop/CatShop/Content/Blueprints/Objects/bp-lantern-menu.uasset" 387
"../../../../../../Users/anthonyd/Documents/GitHub/FlipFlopCatShop/CatShop/Content/Levels/02-main-menu_BuiltData.uasset" 388
"../../../../../../Users/anthonyd/Documents/GitHub/FlipFlopCatShop/CatShop/Content/Textures/FFCSCurb.uasset" 389
"../../../../../../Users/anthonyd/Documents/GitHub/FlipFlopCatShop/CatShop/Content/Materials/Environment/Ground/ground-curb.uasset" 390
"../../../../../../Users/anthonyd/Documents/GitHub/FlipFlopCatShop/CatShop/Content/Materials/Environment/Ground/ground-road.uasset" 391
"../../../../../../Users/anthonyd/Documents/GitHub/FlipFlopCatShop/CatShop/Content/Textures/FFCSSidewalk.uasset" 392
"../../../../../../Users/anthonyd/Documents/GitHub/FlipFlopCatShop/CatShop/Content/Materials/Environment/Ground/ground-sidewalk.uasset" 393
"../../../../../../Users/anthonyd/Documents/GitHub/FlipFlopCatShop/CatShop/Content/Meshes/street-mesh.uasset" 394
"../../../../../../Users/anthonyd/Documents/GitHub/FlipFlopCatShop/CatShop/Content/Levels/02-main-menu.umap" 395
"../../../../../../Users/anthonyd/Documents/GitHub/FlipFlopCatShop/CatShop/Content/GoodSky/Source/Data/Curve/Curve_GoodSky_Stars.uasset" 396
"../../../../../../Users/anthonyd/Documents/GitHub/FlipFlopCatShop/CatShop/Content/GoodSky/Source/Data/Curve/Curve_GoodSky_SunLight.uasset" 397
"../../../../../../Users/anthonyd/Documents/GitHub/FlipFlopCatShop/CatShop/Content/GoodSky/Source/Data/Curve/Curve_GoodSky_AllOverlayColor.uasset" 398
"../../../../../../Users/anthonyd/Documents/GitHub/FlipFlopCatShop/CatShop/Content/GoodSky/Source/Data/Curve/Curve_GoodSky_BaseCloudColor.uasset" 399
"../../../../../../Users/anthonyd/Documents/GitHub/FlipFlopCatShop/CatShop/Content/GoodSky/Source/Data/Curve/Curve_GoodSky_DomeColor.uasset" 400
"../../../../../../Users/anthonyd/Documents/GitHub/FlipFlopCatShop/CatShop/Content/GoodSky/Source/Data/Curve/Curve_GoodSky_horizon_Color.uasset" 401
"../../../../../../Users/anthonyd/Documents/GitHub/FlipFlopCatShop/CatShop/Content/GoodSky/Source/Data/Curve/Curve_GoodSky_SunDirection_Vector.uasset" 402
"../../../../../../Users/anthonyd/Documents/GitHub/FlipFlopCatShop/CatShop/Content/GoodSky/Source/Data/Structure/Structure_GoodSky.uasset" 403
"../../../../../../Users/anthonyd/Documents/GitHub/FlipFlopCatShop/CatShop/Content/GoodSky/Source/Data/DataTable/DataTable_GoodSky.uasset" 404
"../../../../../../Users/anthonyd/Documents/GitHub/FlipFlopCatShop/CatShop/Content/GoodSky/Source/ArrowTool/T_GoodSky_SkyRing.uasset" 405
"../../../../../../Users/anthonyd/Documents/GitHub/FlipFlopCatShop/CatShop/Content/GoodSky/Source/ArrowTool/M_GoodSky_SkyRing_.uasset" 406
"../../../../../../Users/anthonyd/Documents/GitHub/FlipFlopCatShop/CatShop/Content/GoodSky/Source/ArrowTool/M_GoodSky_Sun_Emissive.uasset" 407
"../../../Engine/Content/Functions/Engine_MaterialFunctions01/Gradient/LinearGradient.uasset" 408
"../../../../../../Users/anthonyd/Documents/GitHub/FlipFlopCatShop/CatShop/Content/GoodSky/Source/Materials/Material_Function/MF_GoodSky_SkyDomeAlpha.uasset" 409
"../../../../../../Users/anthonyd/Documents/GitHub/FlipFlopCatShop/CatShop/Content/GoodSky/Source/Materials/Material_Function/MF_GoodSky_Time.uasset" 410
"../../../../../../Users/anthonyd/Documents/GitHub/FlipFlopCatShop/CatShop/Content/GoodSky/Source/Textures/T_GoodSky_clouds_A.uasset" 411
"../../../../../../Users/anthonyd/Documents/GitHub/FlipFlopCatShop/CatShop/Content/GoodSky/Source/Textures/T_GoodSky_clouds_B.uasset" 412
"../../../../../../Users/anthonyd/Documents/GitHub/FlipFlopCatShop/CatShop/Content/GoodSky/Source/Textures/T_GoodSky_clouds_F.uasset" 413
"../../../../../../Users/anthonyd/Documents/GitHub/FlipFlopCatShop/CatShop/Content/GoodSky/Source/Textures/T_GoodSky_clouds_sphere.uasset" 414
"../../../../../../Users/anthonyd/Documents/GitHub/FlipFlopCatShop/CatShop/Content/GoodSky/Source/Materials/M_GoodSky_Base.uasset" 415
"../../../Engine/Content/Functions/Engine_MaterialFunctions01/Density/ExponentialDensity.uasset" 416
"../../../Engine/Content/Functions/Engine_MaterialFunctions01/Gradient/RadialGradientExponential.uasset" 417
"../../../Engine/Content/Functions/Engine_MaterialFunctions01/Texturing/ScaleUVsAroundPoint.uasset" 418
"../../../../../../Users/anthonyd/Documents/GitHub/FlipFlopCatShop/CatShop/Content/GoodSky/Source/Textures/T_GoodSky_Moon.uasset" 419
"../../../../../../Users/anthonyd/Documents/GitHub/FlipFlopCatShop/CatShop/Content/GoodSky/Source/Materials/M_GoodSky_Moon.uasset" 420
"../../../Engine/Content/Functions/Engine_MaterialFunctions01/Texturing/ComputeMipLevel.uasset" 421
"../../../Engine/Content/Functions/Engine_MaterialFunctions01/Texturing/TextureCropping.uasset" 422
"../../../Engine/Content/Functions/Engine_MaterialFunctions02/Utility/BreakOutFloat3Components.uasset" 423
"../../../Engine/Content/Functions/Engine_MaterialFunctions02/ExampleContent/DebugNumberStrip.uasset" 424
"../../../Engine/Content/Functions/Engine_MaterialFunctions02/ExampleContent/Textures/DebugNumberPeriod.uasset" 425
"../../../Engine/Content/Functions/Engine_MaterialFunctions02/Utility/DebugScalarValues.uasset" 426
"../../../Engine/Content/Functions/Engine_MaterialFunctions02/Utility/DebugFloat3Values.uasset" 427
"../../../Engine/Content/Functions/Engine_MaterialFunctions02/Math/RGBtoHSV.uasset" 428
"../../../Engine/Content/Functions/Engine_MaterialFunctions02/Utility/DebugFloat4Values.uasset" 429
"../../../../../../Users/anthonyd/Documents/GitHub/FlipFlopCatShop/CatShop/Content/GoodSky/Source/Textures/T_GoodSky_noise_smooth.uasset" 430
"../../../../../../Users/anthonyd/Documents/GitHub/FlipFlopCatShop/CatShop/Content/GoodSky/Source/Materials/Material_Function/MF_GoodSky_LightningFlick.uasset" 431
"../../../../../../Users/anthonyd/Documents/GitHub/FlipFlopCatShop/CatShop/Content/GoodSky/Source/Textures/T_GoodSky_Lightning.uasset" 432
"../../../../../../Users/anthonyd/Documents/GitHub/FlipFlopCatShop/CatShop/Content/GoodSky/Source/Materials/M_GoodSky_Storm.uasset" 433
"../../../../../../Users/anthonyd/Documents/GitHub/FlipFlopCatShop/CatShop/Content/GoodSky/Source/Textures/T_GoodSky_Stars.uasset" 434
"../../../../../../Users/anthonyd/Documents/GitHub/FlipFlopCatShop/CatShop/Content/GoodSky/Source/Materials/M_GoodSky_Sun_Stars.uasset" 435
"../../../../../../Users/anthonyd/Documents/GitHub/FlipFlopCatShop/CatShop/Content/GoodSky/Source/ArrowTool/SM_GoodSky_StarMesh.uasset" 436
"../../../../../../Users/anthonyd/Documents/GitHub/FlipFlopCatShop/CatShop/Content/GoodSky/Source/Data/Enum/Enum_GoodSky_Clouds_Coverage.uasset" 437
"../../../../../../Users/anthonyd/Documents/GitHub/FlipFlopCatShop/CatShop/Content/GoodSky/Source/Data/Enum/Enum_GoodSky_Effects.uasset" 438
"../../../../../../Users/anthonyd/Documents/GitHub/FlipFlopCatShop/CatShop/Content/GoodSky/Source/Data/Enum/Enum_GoodSky_MeshType.uasset" 439
"../../../../../../Users/anthonyd/Documents/GitHub/FlipFlopCatShop/CatShop/Content/GoodSky/Source/Data/Enum/Enum_GoodSky_Preset.uasset" 440
"../../../../../../Users/anthonyd/Documents/GitHub/FlipFlopCatShop/CatShop/Content/GoodSky/Source/Data/Enum/Enum_GoodSky_Style_Clouds.uasset" 441
"../../../../../../Users/anthonyd/Documents/GitHub/FlipFlopCatShop/CatShop/Content/GoodSky/Source/Mesh/SM_GoodSky_Hemisphere.uasset" 442
"../../../../../../Users/anthonyd/Documents/GitHub/FlipFlopCatShop/CatShop/Content/GoodSky/Source/Mesh/SM_GoodSky_Sphere.uasset" 443
"../../../../../../Users/anthonyd/Documents/GitHub/FlipFlopCatShop/CatShop/Content/GoodSky/Source/Textures/T_GoodSky_clouds_C.uasset" 444
"../../../../../../Users/anthonyd/Documents/GitHub/FlipFlopCatShop/CatShop/Content/GoodSky/Source/Textures/T_GoodSky_clouds_D.uasset" 445
"../../../../../../Users/anthonyd/Documents/GitHub/FlipFlopCatShop/CatShop/Content/GoodSky/Source/Textures/T_GoodSky_clouds_E.uasset" 446
"../../../../../../Users/anthonyd/Documents/GitHub/FlipFlopCatShop/CatShop/Content/GoodSky/Blueprint/BP_GoodSky.uasset" 447
"../../../../../../Users/anthonyd/Documents/GitHub/FlipFlopCatShop/CatShop/Content/Blueprints/Objects/bp-lantern-world.uasset" 448
"../../../../../../Users/anthonyd/Documents/GitHub/FlipFlopCatShop/CatShop/Content/Sounds/66220__percussionfiend__bamboo1.uasset" 449
"../../../../../../Users/anthonyd/Documents/GitHub/FlipFlopCatShop/CatShop/Content/Sounds/att-close.uasset" 450
"../../../../../../Users/anthonyd/Documents/GitHub/FlipFlopCatShop/CatShop/Content/Sounds/66220__percussionfiend__bamboo1_Cue.uasset" 451
"../../../../../../Users/anthonyd/Documents/GitHub/FlipFlopCatShop/CatShop/Content/Sounds/Water-Lisa_Redfern-1888623835.uasset" 452
"../../../../../../Users/anthonyd/Documents/GitHub/FlipFlopCatShop/CatShop/Content/Sounds/Water-Lisa_Redfern-1888623835_Cue.uasset" 453
"../../../../../../Users/anthonyd/Documents/GitHub/FlipFlopCatShop/CatShop/Content/Textures/buildings/courtyard/ds-1-tx.uasset" 454
"../../../../../../Users/anthonyd/Documents/GitHub/FlipFlopCatShop/CatShop/Content/Textures/buildings/courtyard/ds-1.uasset" 455
"../../../../../../Users/anthonyd/Documents/GitHub/FlipFlopCatShop/CatShop/Content/Textures/buildings/courtyard/ds-2-tx.uasset" 456
"../../../../../../Users/anthonyd/Documents/GitHub/FlipFlopCatShop/CatShop/Content/Textures/buildings/courtyard/ds-2.uasset" 457
"../../../../../../Users/anthonyd/Documents/GitHub/FlipFlopCatShop/CatShop/Content/Textures/buildings/courtyard/ds-3-tx.uasset" 458
"../../../../../../Users/anthonyd/Documents/GitHub/FlipFlopCatShop/CatShop/Content/Textures/buildings/courtyard/ds-3.uasset" 459
"../../../../../../Users/anthonyd/Documents/GitHub/FlipFlopCatShop/CatShop/Content/Textures/buildings/courtyard/ds-4-tx.uasset" 460
"../../../../../../Users/anthonyd/Documents/GitHub/FlipFlopCatShop/CatShop/Content/Textures/buildings/courtyard/ds-4.uasset" 461
"../../../../../../Users/anthonyd/Documents/GitHub/FlipFlopCatShop/CatShop/Content/Textures/buildings/courtyard/ds-5-tx.uasset" 462
"../../../../../../Users/anthonyd/Documents/GitHub/FlipFlopCatShop/CatShop/Content/Textures/buildings/courtyard/ds-5.uasset" 463
"../../../../../../Users/anthonyd/Documents/GitHub/FlipFlopCatShop/CatShop/Content/Textures/buildings/courtyard/ds-fb.uasset" 464
"../../../../../../Users/anthonyd/Documents/GitHub/FlipFlopCatShop/CatShop/Content/Blueprints/Objects/obj-deer-scarer.uasset" 465
"../../../../../../Users/anthonyd/Documents/GitHub/FlipFlopCatShop/CatShop/Content/Materials/Masters/basic-material-translucent-master.uasset" 466
"../../../../../../Users/anthonyd/Documents/GitHub/FlipFlopCatShop/CatShop/Content/Textures/buildings/machiya/Machiya_Reed_Blinds-op.uasset" 467
"../../../../../../Users/anthonyd/Documents/GitHub/FlipFlopCatShop/CatShop/Content/Materials/Environment/Buildings/Machiya/machiya-blinds-mask.uasset" 468
"../../../../../../Users/anthonyd/Documents/GitHub/FlipFlopCatShop/CatShop/Content/Meshes/machiya-blinds-1.uasset" 469
"../../../../../../Users/anthonyd/Documents/GitHub/FlipFlopCatShop/CatShop/Content/Materials/Masters/emmissive-material-master.uasset" 470
"../../../../../../Users/anthonyd/Documents/GitHub/FlipFlopCatShop/CatShop/Content/Textures/buildings/machiya/MachiyaBalconyDoors.uasset" 471
"../../../../../../Users/anthonyd/Documents/GitHub/FlipFlopCatShop/CatShop/Content/Textures/buildings/machiya/MachiyaBalconyDoors-em.uasset" 472
"../../../../../../Users/anthonyd/Documents/GitHub/FlipFlopCatShop/CatShop/Content/Textures/buildings/machiya/MachiyaBalconyDoors-op.uasset" 473
"../../../../../../Users/anthonyd/Documents/GitHub/FlipFlopCatShop/CatShop/Content/Materials/Environment/Buildings/Machiya/machiya-balcony-door.uasset" 474
"../../../../../../Users/anthonyd/Documents/GitHub/FlipFlopCatShop/CatShop/Content/Meshes/machiya-doors-1.uasset" 475
"../../../../../../Users/anthonyd/Documents/GitHub/FlipFlopCatShop/CatShop/Content/Materials/Masters/basic-material-masked-master.uasset" 476
"../../../../../../Users/anthonyd/Documents/GitHub/FlipFlopCatShop/CatShop/Content/Textures/buildings/machiya/MachiyaBalconyRail.uasset" 477
"../../../../../../Users/anthonyd/Documents/GitHub/FlipFlopCatShop/CatShop/Content/Materials/Environment/Buildings/Machiya/machiya-balcony.uasset" 478
"../../../../../../Users/anthonyd/Documents/GitHub/FlipFlopCatShop/CatShop/Content/Textures/buildings/machiya/Machiya-em.uasset" 479
"../../../../../../Users/anthonyd/Documents/GitHub/FlipFlopCatShop/CatShop/Content/Textures/buildings/machiya/Machiya-op.uasset" 480
"../../../../../../Users/anthonyd/Documents/GitHub/FlipFlopCatShop/CatShop/Content/Textures/buildings/machiya/MachiyaBase.uasset" 481
"../../../../../../Users/anthonyd/Documents/GitHub/FlipFlopCatShop/CatShop/Content/Materials/Environment/Buildings/Machiya/machiya-base.uasset" 482
"../../../../../../Users/anthonyd/Documents/GitHub/FlipFlopCatShop/CatShop/Content/Materials/Environment/Buildings/Machiya/machiya-blinds.uasset" 483
"../../../../../../Users/anthonyd/Documents/GitHub/FlipFlopCatShop/CatShop/Content/Materials/Environment/Buildings/Machiya/machiya-door.uasset" 484
"../../../../../../Users/anthonyd/Documents/GitHub/FlipFlopCatShop/CatShop/Content/Textures/buildings/courtyard/FFCSCourtyardRoof.uasset" 485
"../../../../../../Users/anthonyd/Documents/GitHub/FlipFlopCatShop/CatShop/Content/Materials/Environment/Buildings/roof-mat.uasset" 486
"../../../../../../Users/anthonyd/Documents/GitHub/FlipFlopCatShop/CatShop/Content/Meshes/machiya-house.uasset" 487
"../../../../../../Users/anthonyd/Documents/GitHub/FlipFlopCatShop/CatShop/Content/Blueprints/Objects/obj-machiya-house.uasset" 488
"../../../../../../Users/anthonyd/Documents/GitHub/FlipFlopCatShop/CatShop/Content/Levels/03-game-level_BuiltData.uasset" 489
"../../../../../../Users/anthonyd/Documents/GitHub/FlipFlopCatShop/CatShop/Content/Textures/buildings/shoppe/doorway-em.uasset" 490
"../../../../../../Users/anthonyd/Documents/GitHub/FlipFlopCatShop/CatShop/Content/Textures/buildings/shoppe/doorway-op.uasset" 491
"../../../../../../Users/anthonyd/Documents/GitHub/FlipFlopCatShop/CatShop/Content/Materials/Environment/Buildings/Shoppe/shoppe-doorway.uasset" 492
"../../../Engine/Content/MapTemplates/Sky/SunsetAmbientCubemap.uasset" 493
"../../../../../../Users/anthonyd/Documents/GitHub/FlipFlopCatShop/CatShop/Content/Materials/Environment/Buildings/Courtyard/court-arch-m.uasset" 494
"../../../../../../Users/anthonyd/Documents/GitHub/FlipFlopCatShop/CatShop/Content/Textures/buildings/courtyard/interior.uasset" 495
"../../../../../../Users/anthonyd/Documents/GitHub/FlipFlopCatShop/CatShop/Content/Materials/Environment/Buildings/Courtyard/court-interior.uasset" 496
"../../../../../../Users/anthonyd/Documents/GitHub/FlipFlopCatShop/CatShop/Content/Textures/buildings/courtyard/Noren.uasset" 497
"../../../../../../Users/anthonyd/Documents/GitHub/FlipFlopCatShop/CatShop/Content/Textures/buildings/courtyard/Noren-op.uasset" 498
"../../../../../../Users/anthonyd/Documents/GitHub/FlipFlopCatShop/CatShop/Content/Materials/Environment/Buildings/Courtyard/court-noren.uasset" 499
"../../../../../../Users/anthonyd/Documents/GitHub/FlipFlopCatShop/CatShop/Content/Textures/buildings/courtyard/Trees.uasset" 500
"../../../../../../Users/anthonyd/Documents/GitHub/FlipFlopCatShop/CatShop/Content/Materials/Environment/Buildings/Courtyard/court-trees.uasset" 501
"../../../../../../Users/anthonyd/Documents/GitHub/FlipFlopCatShop/CatShop/Content/Textures/buildings/courtyard/FFCSCourtyardWall.uasset" 502
"../../../../../../Users/anthonyd/Documents/GitHub/FlipFlopCatShop/CatShop/Content/Materials/Environment/Buildings/Courtyard/court-walls.uasset" 503
"../../../../../../Users/anthonyd/Documents/GitHub/FlipFlopCatShop/CatShop/Content/Meshes/courtyard.uasset" 504
"../../../../../../Users/anthonyd/Documents/GitHub/FlipFlopCatShop/CatShop/Content/Textures/buildings/shoppe/_0004_beams.uasset" 505
"../../../../../../Users/anthonyd/Documents/GitHub/FlipFlopCatShop/CatShop/Content/Materials/Environment/Buildings/Shoppe/shoppe-beam.uasset" 506
"../../../../../../Users/anthonyd/Documents/GitHub/FlipFlopCatShop/CatShop/Content/Textures/buildings/shoppe/_0003_ShopBlinds.uasset" 507
"../../../../../../Users/anthonyd/Documents/GitHub/FlipFlopCatShop/CatShop/Content/Textures/buildings/shoppe/_0003_ShopBlinds-em.uasset" 508
"../../../../../../Users/anthonyd/Documents/GitHub/FlipFlopCatShop/CatShop/Content/Textures/buildings/shoppe/_0003_ShopBlinds-op.uasset" 509
"../../../../../../Users/anthonyd/Documents/GitHub/FlipFlopCatShop/CatShop/Content/Materials/Environment/Buildings/Shoppe/shoppe-blinds.uasset" 510
"../../../../../../Users/anthonyd/Documents/GitHub/FlipFlopCatShop/CatShop/Content/Textures/buildings/shoppe/_0007_Display.uasset" 511
"../../../../../../Users/anthonyd/Documents/GitHub/FlipFlopCatShop/CatShop/Content/Materials/Environment/Buildings/Shoppe/shoppe-display.uasset" 512
"../../../../../../Users/anthonyd/Documents/GitHub/FlipFlopCatShop/CatShop/Content/Textures/buildings/shoppe/_0006_Front.uasset" 513
"../../../../../../Users/anthonyd/Documents/GitHub/FlipFlopCatShop/CatShop/Content/Textures/buildings/shoppe/shoppe-front-em.uasset" 514
"../../../../../../Users/anthonyd/Documents/GitHub/FlipFlopCatShop/CatShop/Content/Textures/buildings/shoppe/shoppe-front-op.uasset" 515
"../../../../../../Users/anthonyd/Documents/GitHub/FlipFlopCatShop/CatShop/Content/Materials/Environment/Buildings/Shoppe/shoppe-front.uasset" 516
"../../../../../../Users/anthonyd/Documents/GitHub/FlipFlopCatShop/CatShop/Content/Textures/buildings/shoppe/interior.uasset" 517
"../../../../../../Users/anthonyd/Documents/GitHub/FlipFlopCatShop/CatShop/Content/Materials/Environment/Buildings/Shoppe/shoppe-interior.uasset" 518
"../../../../../../Users/anthonyd/Documents/GitHub/FlipFlopCatShop/CatShop/Content/Textures/buildings/machiya/noren-em.uasset" 519
"../../../../../../Users/anthonyd/Documents/GitHub/FlipFlopCatShop/CatShop/Content/Textures/buildings/machiya/noren-op.uasset" 520
"../../../../../../Users/anthonyd/Documents/GitHub/FlipFlopCatShop/CatShop/Content/Materials/Environment/Buildings/Shoppe/shoppe-noren.uasset" 521
"../../../../../../Users/anthonyd/Documents/GitHub/FlipFlopCatShop/CatShop/Content/Textures/buildings/shoppe/_0002_ShopBalconyRail.uasset" 522
"../../../../../../Users/anthonyd/Documents/GitHub/FlipFlopCatShop/CatShop/Content/Materials/Environment/Buildings/Shoppe/shoppe-railing.uasset" 523
"../../../../../../Users/anthonyd/Documents/GitHub/FlipFlopCatShop/CatShop/Content/Textures/buildings/shoppe/_0001_Awning-bottom.uasset" 524
"../../../../../../Users/anthonyd/Documents/GitHub/FlipFlopCatShop/CatShop/Content/Materials/Environment/Buildings/Shoppe/shoppe-roof.uasset" 525
"../../../../../../Users/anthonyd/Documents/GitHub/FlipFlopCatShop/CatShop/Content/Textures/buildings/shoppe/_0008_Upstairs.uasset" 526
"../../../../../../Users/anthonyd/Documents/GitHub/FlipFlopCatShop/CatShop/Content/Materials/Environment/Buildings/Shoppe/shoppe-top.uasset" 527
"../../../../../../Users/anthonyd/Documents/GitHub/FlipFlopCatShop/CatShop/Content/Meshes/shoppe.uasset" 528
"../../../../../../Users/anthonyd/Documents/GitHub/FlipFlopCatShop/CatShop/Content/Textures/buildings/courtyard/Bonsai.uasset" 529
"../../../../../../Users/anthonyd/Documents/GitHub/FlipFlopCatShop/CatShop/Content/Textures/buildings/courtyard/Bonsai_Sprite.uasset" 530
"../../../../../../Users/anthonyd/Documents/GitHub/FlipFlopCatShop/CatShop/Content/Levels/03-game-level.umap" 531
"../../../../../../Users/anthonyd/Documents/GitHub/FlipFlopCatShop/CatShop/Content/Levels/04-game-over_BuiltData.uasset" 532
"../../../../../../Users/anthonyd/Documents/GitHub/FlipFlopCatShop/CatShop/Content/Levels/04-game-over.umap" 533
"../../../Engine/Content/Maps/Entry_BuiltData.uasset" 534
"../../../Engine/Content/Maps/Entry.umap" 535
